Using TensorFlow backend.
[94mObteniendo datos...[0m
[93m[AVISO] Cargando datos generados previamente...[0m
[94m	TRAIN_v1		zeros:757725 ones:132765[0m
[94m	TRAIN_v2		zeros:204159 ones:686331[0m
[94m	DEV		zeros:2870010 ones:28990[0m
[94m	TEST		zeros:2870010 ones:28990[0m
[94mCreando modelo...[0m


##################################################
 MODELV2  (DOTPROD)
##################################################
067f9de753244aeffbbb0539c2294904
-------------------------
[1mmin_rest_revs: [0m0
[1mmin_usr_revs: [0m3
[1mnew_train_examples: [0m-2
[1mregularization: [0m0
[1mregularization_beta: [0m2.5e-06
[1muse_rest_provs: [0mFalse
[1mtop_n_new_items: [0m99
[1mtrain_pos_rate: [0m1.0
[1mdev_test_pos_rate: [0m0.0
[1mtop: [0m[1, 5, 10, 15, 20]
[1memb_size: [0m512
[1mhidden_size: [0m0
[1mlearning_rate: [0m0.001
[1mlearning_rate_img: [0m0.001
[1mdropout: [0m1.0
[1mepochs: [0m5
[1mbatch_size: [0m512
[1mgs_max_slope: [0m-1e-08
[1mseed: [0m100
-------------------------
253.77582846003898 256.0
191.38401559454192 166.0
130.904296875 81.5
114.744140625 59.5
82.87890625 32.5
81.060546875 31.0
70.6015625 30.5
60.953125 19.5
61.326171875 18.0
56.7109375 14.0
46.486328125 10.0
48.59375 11.0
49.029296875 9.5
42.958984375 11.0
54.74609375 14.0
43.919921875 9.0
42.0546875 8.0
41.439453125 7.0
0	512	0.001	0.5042	0.2564	0.1404	[94m	12.011	36.2401	52.3767	63.7151	71.3729	[0m	17.5697	10.0
51.72514619883041 10.0
50.32553606237817 11.0
41.896484375 7.5
48.689453125 8.0
37.376953125 7.0
46.873046875 11.0
38.8125 8.0
38.48046875 8.0
41.5625 6.0
40.03125 7.0
34.4609375 6.0
36.01953125 6.0
37.111328125 6.5
31.91015625 6.0
43.494140625 8.0
34.40625 5.0
36.025390625 6.0
35.12890625 5.0
1	512	0.001	0.2375	0.2427	0.1157	[94m	14.4257	37.9821	53.7979	64.6499	72.4146	[0m	16.4944	9.0
44.16959064327485 8.0
44.046783625730995 9.0
36.7421875 6.0
42.96875 6.0
33.66015625 6.0
43.001953125 8.5
35.48046875 7.0
34.697265625 6.0
39.15234375 5.0
36.71875 6.0
32.220703125 5.0
33.73046875 5.0
34.150390625 5.0
29.4609375 5.0
41.1328125 8.0
31.533203125 4.0
34.416015625 6.0
33.03125 4.5
2	512	0.001	0.1302	0.2409	0.1063	[94m	16.1883	38.465	53.5736	64.3532	71.8869	[0m	16.5486	9.0
42.02923976608187 8.0
42.51656920077973 8.0
34.84765625 5.0
41.109375 5.5
32.388671875 5.0
41.556640625 7.0
33.9375 6.0
33.341796875 6.0
37.921875 5.0
35.283203125 6.0
31.162109375 5.0
32.751953125 5.0
32.7578125 5.0
28.0703125 4.5
39.953125 7.0
30.59375 4.0
33.470703125 5.0
31.58984375 4.0
3	512	0.001	0.0535	0.2401	0.0959	[94m	16.4333	38.0614	53.0769	63.6357	71.2763	[0m	16.8461	9.0
41.17153996101364 7.0
41.33528265107213 7.0
33.390625 5.0
40.015625 5.0
31.6953125 5.0
40.65625 7.0
33.052734375 6.0
32.802734375 6.0
37.37109375 5.0
34.345703125 6.0
30.45703125 5.0
32.017578125 5.0
31.802734375 5.0
27.294921875 4.0
39.056640625 7.0
30.427734375 4.0
32.533203125 5.0
30.78515625 4.0
4	512	0.001	0.0232	0.2395	0.0911	[94m	16.3263	37.8234	53.0183	63.5943	71.0107	[0m	16.9966	9.0
40.83430799220273 7.0
40.60038986354776 7.0
32.359375 5.0
39.138671875 5.0
31.109375 5.0
39.86328125 7.0
32.58203125 6.0
32.140625 5.0
36.9375 5.0
33.5859375 6.0
30.044921875 4.0
31.65234375 4.0
31.185546875 4.0
26.822265625 4.0
38.44921875 6.0
30.419921875 4.0
31.81640625 5.0
30.1015625 4.0
5	512	0.001	0.0131	0.2391	0.0908	[94m	16.2677	37.682	52.9976	63.4564	70.8037	[0m	17.0873	9.0
40.62573099415204 7.0
40.228070175438596 7.0
31.703125 5.0
38.42578125 5.0
30.44140625 5.0
39.30078125 6.0
32.357421875 6.0
31.63671875 5.0
36.62890625 4.0
32.94140625 6.0
29.892578125 4.0
31.34765625 4.0
30.669921875 4.0
26.505859375 4.0
37.978515625 6.0
30.48828125 4.0
31.248046875 4.0
29.552734375 4.0
6	512	0.001	0.0094	0.2388	0.0926	[94m	16.0711	37.4819	52.901	63.3218	70.6933	[0m	17.1711	9.0
40.41325536062378 7.0
39.80896686159844 7.0
31.173828125 5.0
37.857421875 5.0
29.970703125 5.0
38.787109375 6.0
32.103515625 5.0
31.05078125 5.0
36.232421875 5.0
32.44140625 5.0
29.841796875 5.0
31.095703125 4.0
30.306640625 4.0
26.1796875 4.0
37.701171875 7.0
30.4921875 4.0
30.810546875 4.0
29.076171875 4.0
7	512	0.001	0.0078	0.2386	0.0957	[94m	15.8365	37.2542	52.8113	63.1149	70.5623	[0m	17.2593	9.0
40.25730994152047 6.0
39.50292397660819 7.0
30.6640625 4.5
37.41015625 5.0
29.396484375 4.0
38.33984375 6.0
31.849609375 5.5
30.638671875 5.0
35.861328125 5.0
31.96484375 5.0
29.791015625 4.5
30.97265625 4.5
30.12109375 4.0
26.044921875 4.0
37.611328125 6.0
30.453125 4.0
30.513671875 4.0
28.767578125 3.0
8	512	0.001	0.007	0.2384	0.0996	[94m	15.6951	37.0369	52.5836	63.0114	70.4381	[0m	17.3536	9.0
40.148148148148145 6.0
39.29824561403509 7.0
30.20703125 4.0
37.15625 4.0
28.978515625 4.0
37.873046875 6.0
31.5703125 5.0
30.2265625 5.0
35.400390625 5.0
31.6171875 5.0
29.806640625 4.0
30.748046875 4.0
30.013671875 4.0
25.970703125 4.0
37.55859375 6.0
30.263671875 4.0
30.263671875 4.0
28.478515625 3.0
9	512	0.001	0.0066	0.2383	0.1041	[94m	15.426	36.6782	52.3594	62.7803	70.2656	[0m	17.4648	10.0
