Using TensorFlow backend.
[94mObteniendo datos...[0m
[93m[AVISO] Cargando datos generados previamente...[0m
[94m	TRAIN_v1		zeros:757725 ones:132765[0m
[94m	TRAIN_v2		zeros:204159 ones:686331[0m
[94m	DEV		zeros:2870010 ones:28990[0m
[94m	TEST		zeros:2870010 ones:28990[0m
[94mCreando modelo...[0m


##################################################
 MODELV2  (DOTPROD)
##################################################
3d83869d2e750f4987301def73c614b5
-------------------------
[1mmin_rest_revs: [0m0
[1mmin_usr_revs: [0m3
[1mnew_train_examples: [0m-2
[1mregularization: [0m0
[1mregularization_beta: [0m2.5e-06
[1muse_rest_provs: [0mFalse
[1mtop_n_new_items: [0m99
[1mtrain_pos_rate: [0m1.0
[1mdev_test_pos_rate: [0m0.0
[1mtop: [0m[1, 5, 10, 15, 20]
[1memb_size: [0m512
[1mhidden_size: [0m128
[1mlearning_rate: [0m0.001
[1mlearning_rate_img: [0m0.001
[1mdropout: [0m1.0
[1mepochs: [0m5
[1mbatch_size: [0m512
[1mgs_max_slope: [0m-1e-08
[1mseed: [0m100
-------------------------
259.69200779727095 266.0
210.4561403508772 202.0
149.9921875 108.5
127.294921875 83.0
88.54296875 39.0
91.787109375 42.5
76.84765625 39.5
61.990234375 20.0
65.33203125 22.0
54.890625 18.0
47.921875 14.0
49.88671875 13.5
50.875 11.0
42.265625 10.0
49.24609375 12.0
38.43359375 9.0
38.83984375 9.0
38.41796875 8.0
0	512	0.001	0.5693	0.2545	0.1816	[94m	12.1042	36.2056	52.1387	62.8424	70.752	[0m	18.3156	10.0
46.019493177387915 11.0
47.38986354775828 10.0
37.73046875 8.0
41.541015625 8.0
33.740234375 5.0
43.330078125 8.0
37.0 8.0
33.177734375 5.0
35.083984375 6.0
33.310546875 6.0
29.47265625 6.0
32.05859375 6.0
32.390625 5.0
28.900390625 5.0
36.755859375 6.0
26.177734375 4.0
28.98046875 6.0
28.771484375 5.0
1	512	0.001	0.232	0.239	0.1219	[94m	14.8879	37.8889	53.4357	64.3084	72.0214	[0m	16.6588	9.0
35.580896686159846 7.0
37.37816764132553 6.0
29.0546875 5.0
34.32421875 5.0
27.7734375 4.0
36.412109375 5.0
31.3125 6.0
28.1640625 4.0
29.62890625 4.0
28.419921875 5.0
25.490234375 4.0
27.73828125 5.0
27.5078125 4.0
25.560546875 4.0
33.623046875 5.0
23.234375 4.0
25.951171875 4.0
25.5859375 4.0
2	512	0.001	0.108	0.2359	0.1096	[94m	16.2953	37.9096	53.1149	63.5736	71.435	[0m	16.835	9.0
31.46783625730994 6.0
33.87329434697856 6.0
26.3125 4.0
31.1796875 5.0
26.455078125 3.0
34.330078125 4.5
29.03125 5.0
26.140625 3.0
27.513671875 4.0
26.7421875 5.0
24.1484375 4.0
25.724609375 4.0
25.23046875 3.0
23.541015625 3.0
31.306640625 4.0
21.88671875 3.0
24.76953125 4.0
24.220703125 3.0
3	512	0.001	0.039	0.2345	0.0973	[94m	16.4815	37.8786	53.0321	63.2321	70.9555	[0m	17.0642	9.0
29.319688109161792 5.0
32.39766081871345 6.0
24.859375 4.0
30.025390625 4.0
25.326171875 3.0
32.626953125 5.0
27.5390625 5.0
25.029296875 3.0
26.28125 3.0
25.830078125 4.5
22.91796875 4.0
24.837890625 4.0
24.28515625 3.0
22.951171875 3.0
30.248046875 4.0
21.03515625 3.0
24.037109375 4.0
23.267578125 3.0
4	512	0.001	0.0169	0.2336	0.0917	[94m	16.4298	37.8613	53.0321	63.2528	70.9141	[0m	17.1475	9.0
27.97270955165692 5.0
31.142300194931774 6.0
24.125 4.0
28.787109375 4.0
24.970703125 3.0
31.685546875 4.0
26.951171875 4.0
24.404296875 3.0
25.3984375 3.0
24.9765625 4.0
22.37890625 4.0
24.427734375 3.5
23.673828125 3.0
22.1171875 3.0
29.26171875 4.0
20.47265625 3.0
23.240234375 4.0
22.56640625 3.0
5	512	0.001	0.0104	0.233	0.0907	[94m	16.3056	37.7647	52.9527	63.3494	70.8934	[0m	17.2138	9.0
27.183235867446395 4.0
30.730994152046783 6.0
23.84765625 4.0
27.931640625 4.0
24.552734375 3.0
30.525390625 4.0
26.71875 4.0
24.095703125 3.0
24.849609375 3.0
24.544921875 4.0
21.892578125 4.0
24.1328125 3.5
23.498046875 3.0
21.685546875 3.0
29.0625 4.0
19.95703125 2.0
22.91796875 3.0
22.146484375 3.0
6	512	0.001	0.0081	0.2326	0.092	[94m	16.2504	37.7337	52.763	63.2218	70.8348	[0m	17.2789	9.0
26.76803118908382 4.0
30.241715399610136 5.0
23.072265625 3.5
27.865234375 4.0
23.9765625 3.0
30.2265625 4.0
26.2265625 4.0
23.80078125 3.0
24.419921875 3.0
23.986328125 4.0
21.6796875 3.5
23.9609375 3.0
23.001953125 3.0
21.55078125 3.0
28.41015625 4.0
19.490234375 2.0
22.41796875 3.0
21.73828125 3.0
7	512	0.001	0.0072	0.2323	0.0947	[94m	16.078	37.5716	52.6216	63.2459	70.7761	[0m	17.3583	9.0
26.516569200779728 4.0
29.666666666666668 5.0
22.8984375 3.0
27.4765625 4.0
23.88671875 3.0
29.70703125 4.0
25.93359375 4.0
23.611328125 3.0
24.134765625 3.0
23.669921875 4.0
21.443359375 3.0
23.501953125 3.0
22.8359375 3.0
21.279296875 3.0
27.84765625 4.0
19.2109375 2.0
22.01171875 3.0
21.369140625 3.0
8	512	0.001	0.0067	0.2321	0.0983	[94m	15.902	37.4853	52.4215	62.9976	70.6382	[0m	17.4578	10.0
26.12475633528265 4.0
29.42495126705653 6.0
22.681640625 3.0
27.125 4.0
23.708984375 3.0
29.119140625 4.0
25.607421875 4.0
23.244140625 3.0
24.0546875 3.0
23.1953125 4.0
21.0859375 3.0
23.380859375 4.0
22.44140625 3.0
20.9765625 3.0
27.54296875 3.5
19.220703125 2.0
21.720703125 3.0
21.095703125 3.0
9	512	0.001	0.0065	0.2319	0.1024	[94m	15.7641	37.4957	52.2456	62.7182	70.4208	[0m	17.5727	10.0
