Using TensorFlow backend.
[94mObteniendo datos...[0m
[93m[AVISO] Cargando datos generados previamente...[0m
[94m	TRAIN_v1		zeros:757725 ones:132765[0m
[94m	TRAIN_v2		zeros:204159 ones:686331[0m
[94m	DEV		zeros:2870010 ones:28990[0m
[94m	TEST		zeros:2870010 ones:28990[0m
[94mCreando modelo...[0m


##################################################
 MODELV2  (DOTPROD)
##################################################
52cb245fbbff5380a820c17ef472f531
-------------------------
[1mmin_rest_revs: [0m0
[1mmin_usr_revs: [0m3
[1mnew_train_examples: [0m-2
[1mregularization: [0m0
[1mregularization_beta: [0m2.5e-06
[1muse_rest_provs: [0mFalse
[1mtop_n_new_items: [0m99
[1mtrain_pos_rate: [0m1.0
[1mdev_test_pos_rate: [0m0.0
[1mtop: [0m[1, 5, 10, 15, 20]
[1memb_size: [0m1024
[1mhidden_size: [0m1024
[1mlearning_rate: [0m0.001
[1mlearning_rate_img: [0m0.001
[1mdropout: [0m1.0
[1mepochs: [0m5
[1mbatch_size: [0m512
[1mgs_max_slope: [0m-1e-08
[1mseed: [0m100
-------------------------
256.9571150097466 239.0
185.38401559454192 169.0
113.94140625 64.0
99.9140625 42.5
64.51953125 23.0
67.693359375 20.0
55.326171875 16.0
47.228515625 8.5
46.31640625 8.0
45.0625 8.0
34.154296875 6.0
35.67578125 4.0
35.158203125 5.0
30.296875 4.0
35.04296875 4.0
28.234375 3.0
29.42578125 4.0
29.97265625 3.0
0	1024	0.001	0.5492	0.2472	0.1516	[94m	12.7803	36.7092	52.8044	63.684	71.397	[0m	17.5189	9.0
32.953216374269005 4.0
38.18518518518518 4.0
25.361328125 3.0
29.310546875 3.0
25.4296875 2.0
29.49609375 3.0
26.279296875 2.5
23.755859375 2.0
23.564453125 2.0
23.89453125 3.0
20.23046875 2.0
22.9296875 2.0
20.90234375 2.0
18.712890625 2.0
25.265625 2.0
17.876953125 1.0
20.833984375 2.0
21.7734375 2.0
1	1024	0.001	0.1829	0.2282	0.1189	[94m	16.1676	38.427	53.7668	64.1497	71.9214	[0m	16.5747	9.0
24.27485380116959 2.0
28.75438596491228 3.0
19.986328125 2.0
23.5703125 2.0
20.5078125 2.0
25.0859375 2.0
22.86328125 2.0
20.658203125 1.0
19.59375 2.0
20.236328125 2.0
17.453125 1.0
20.837890625 1.0
17.75 1.0
16.669921875 2.0
21.765625 1.0
14.859375 1.0
18.17578125 2.0
18.904296875 1.0
2	1024	0.001	0.052	0.2237	0.0979	[94m	16.7506	38.7133	53.8841	64.3187	71.7696	[0m	16.665	9.0
21.764132553606238 2.0
25.92982456140351 2.0
18.43359375 2.0
21.375 2.0
18.935546875 2.0
23.453125 2.0
21.19140625 2.0
19.271484375 1.0
18.21484375 1.5
18.921875 2.0
16.138671875 1.0
19.75390625 1.0
16.3984375 1.0
15.10546875 2.0
20.0234375 1.0
13.806640625 1.0
16.767578125 2.0
17.5703125 1.0
3	1024	0.001	0.0184	0.2217	0.0882	[94m	16.8127	38.7478	53.9807	64.3463	72.0662	[0m	16.6627	9.0
20.306042884990255 2.0
24.37231968810916 2.0
17.494140625 2.0
20.5625 2.0
18.27734375 1.0
22.435546875 2.0
20.369140625 2.0
18.23828125 1.0
17.7109375 1.0
17.72265625 1.5
15.5078125 1.0
18.70703125 1.0
15.521484375 1.0
14.455078125 1.0
19.640625 1.0
13.0078125 1.0
15.912109375 2.0
17.283203125 1.0
4	1024	0.001	0.0119	0.2206	0.085	[94m	16.7782	38.6789	53.8841	64.2946	72.0731	[0m	16.7022	9.0
20.09551656920078 1.0
23.750487329434698 2.0
17.38671875 2.0
19.669921875 2.0
17.931640625 1.0
22.1484375 2.0
20.123046875 2.0
17.7734375 1.0
17.037109375 1.0
17.185546875 2.0
15.115234375 1.0
18.357421875 1.0
15.443359375 1.0
14.1796875 1.0
19.560546875 1.0
12.619140625 1.0
15.49609375 2.0
17.173828125 1.0
5	1024	0.001	0.0098	0.2199	0.0846	[94m	16.6644	38.4995	53.9048	64.1739	71.842	[0m	16.762	9.0
19.94541910331384 1.0
23.43469785575049 2.0
17.0625 2.0
19.193359375 2.0
17.62109375 1.0
21.962890625 2.0
19.51171875 2.0
17.4765625 1.0
16.60546875 1.0
16.775390625 2.0
14.71875 1.0
18.146484375 1.0
15.2265625 1.0
13.86328125 1.0
19.302734375 1.0
12.4765625 1.0
15.162109375 2.0
16.94140625 1.0
6	1024	0.001	0.009	0.2195	0.0857	[94m	16.6057	38.3443	53.7737	64.1497	71.773	[0m	16.8425	9.0
19.842105263157894 1.0
23.076023391812864 2.0
16.76171875 2.0
19.009765625 2.0
17.646484375 1.0
21.32421875 2.0
19.578125 1.0
17.283203125 1.0
16.375 1.0
16.494140625 1.0
14.53125 1.0
17.93359375 1.0
15.03125 1.0
13.708984375 1.0
19.421875 1.0
12.447265625 1.0
14.56640625 2.0
16.740234375 1.0
7	1024	0.001	0.0086	0.2191	0.0878	[94m	16.5022	38.2132	53.4736	64.0221	71.673	[0m	16.943	9.0
19.898635477582847 2.0
22.760233918128655 2.0
16.619140625 1.0
18.85546875 2.0
17.490234375 1.0
21.251953125 2.0
19.47265625 1.0
16.83203125 1.0
16.40625 1.0
16.576171875 1.0
14.576171875 1.0
17.990234375 1.0
15.28515625 1.0
13.587890625 1.0
19.181640625 1.0
12.2734375 1.0
14.375 2.0
16.326171875 1.0
8	1024	0.001	0.0084	0.2189	0.0905	[94m	16.385	38.0097	53.2528	63.8151	71.366	[0m	17.0631	9.0
19.816764132553605 2.0
22.42105263157895 2.0
16.6171875 1.0
18.9375 2.0
17.203125 1.0
20.900390625 2.0
19.2578125 1.0
16.935546875 1.0
16.2421875 1.0
16.2109375 1.0
14.51171875 1.0
17.65234375 1.0
15.3046875 1.0
13.53125 1.0
19.0234375 1.0
12.1328125 1.0
14.603515625 2.0
16.419921875 1.0
9	1024	0.001	0.0083	0.2187	0.0936	[94m	16.2297	37.8096	53.0597	63.5943	71.2039	[0m	17.1833	9.0
