Using TensorFlow backend.
[94mObteniendo datos...[0m
[93m[AVISO] Cargando datos generados previamente...[0m
[94m	TRAIN_v1		zeros:757725 ones:132765[0m
[94m	TRAIN_v2		zeros:204159 ones:686331[0m
[94m	DEV		zeros:2870010 ones:28990[0m
[94m	TEST		zeros:2870010 ones:28990[0m
[94mCreando modelo...[0m


##################################################
 MODELV2  (DOTPROD)
##################################################
bd9e7efeff7646d7bc89f55d88bcd4ba
-------------------------
[1mmin_rest_revs: [0m0
[1mmin_usr_revs: [0m3
[1mnew_train_examples: [0m-2
[1mregularization: [0m0
[1mregularization_beta: [0m2.5e-06
[1muse_rest_provs: [0mFalse
[1mtop_n_new_items: [0m99
[1mtrain_pos_rate: [0m1.0
[1mdev_test_pos_rate: [0m0.0
[1mtop: [0m[1, 5, 10, 15, 20]
[1memb_size: [0m512
[1mhidden_size: [0m1024
[1mlearning_rate: [0m0.001
[1mlearning_rate_img: [0m0.001
[1mdropout: [0m1.0
[1mepochs: [0m5
[1mbatch_size: [0m512
[1mgs_max_slope: [0m-1e-08
[1mseed: [0m100
-------------------------
251.60233918128654 258.0
189.64522417153995 165.0
126.763671875 79.0
108.44140625 50.0
70.794921875 25.0
75.03515625 26.5
60.5 22.0
51.361328125 12.0
49.740234375 11.0
46.2265625 11.0
36.8203125 7.0
38.591796875 6.0
39.033203125 6.0
32.744140625 5.0
40.158203125 6.0
29.0703125 3.0
29.83203125 4.0
31.61328125 4.0
0	512	0.001	0.6386	0.249	0.3258	[94m	12.5595	35.833	51.0693	60.7278	67.7751	[0m	20.1779	10.0
35.89083820662768 5.0
37.80311890838207 5.0
26.822265625 3.0
29.716796875 3.0
26.3046875 2.0
32.62109375 4.0
27.6171875 3.0
22.791015625 2.0
24.1328125 2.0
24.833984375 3.0
20.91015625 2.0
23.88671875 2.0
20.99609375 2.0
20.0546875 2.0
25.857421875 2.0
17.265625 2.0
19.77734375 2.0
22.486328125 2.0
1	512	0.001	0.2497	0.2299	0.1338	[94m	14.8051	37.9683	53.7358	64.3774	72.1939	[0m	16.6993	9.0
24.16374269005848 2.0
28.653021442495128 3.0
20.32421875 2.0
23.4921875 2.0
20.65234375 2.0
26.083984375 2.0
23.375 2.0
18.736328125 1.0
19.201171875 2.0
20.322265625 2.0
17.80859375 2.0
21.337890625 2.0
16.908203125 1.0
17.09765625 2.0
22.29296875 2.0
14.458984375 1.0
17.271484375 2.0
18.859375 1.5
2	512	0.001	0.1139	0.2249	0.118	[94m	16.3229	37.813	53.2528	63.6944	71.4522	[0m	16.834	9.0
21.060428849902536 2.0
26.41130604288499 2.0
18.58203125 2.0
21.0078125 2.0
18.75390625 1.0
24.150390625 2.0
21.544921875 2.0
17.552734375 1.0
17.7734375 2.0
18.72265625 2.0
16.634765625 1.0
19.853515625 1.0
15.29296875 1.0
15.412109375 1.0
20.9921875 1.0
13.109375 1.0
16.322265625 2.0
17.736328125 1.0
3	512	0.001	0.0428	0.2226	0.1028	[94m	16.4781	37.7854	52.97	63.3218	70.921	[0m	17.0728	9.0
19.606237816764132 2.0
24.522417153996102 2.0
17.57421875 2.0
19.830078125 2.0
18.103515625 1.0
23.31640625 2.0
20.751953125 2.0
16.802734375 1.0
16.609375 2.0
17.806640625 2.0
16.1015625 1.0
18.970703125 1.0
14.580078125 1.0
14.6640625 1.0
20.22265625 1.0
12.662109375 1.0
15.6015625 1.5
17.0078125 1.0
4	512	0.001	0.0189	0.2212	0.0948	[94m	16.4919	37.7096	52.7078	63.2184	70.783	[0m	17.1663	9.0
18.693957115009745 2.0
23.65497076023392 2.0
16.970703125 1.5
19.150390625 2.0
17.552734375 1.0
22.74609375 2.0
19.892578125 1.0
16.515625 1.0
16.333984375 1.0
16.8515625 1.0
15.763671875 1.0
18.611328125 1.0
14.384765625 1.0
14.21875 1.0
19.86328125 1.0
12.267578125 1.0
15.310546875 1.0
16.560546875 1.0
5	512	0.001	0.0114	0.2203	0.092	[94m	16.3332	37.6889	52.5699	63.1252	70.6313	[0m	17.2269	9.0
18.385964912280702 2.0
23.12280701754386 2.0
16.498046875 1.0
18.619140625 2.0
17.224609375 1.0
22.298828125 2.0
19.447265625 1.0
16.125 1.0
16.01171875 1.0
16.677734375 1.0
15.521484375 1.0
18.1015625 1.0
13.98046875 1.0
13.744140625 1.0
19.505859375 1.0
12.369140625 1.0
14.79296875 1.0
16.099609375 1.0
6	512	0.001	0.0086	0.2197	0.092	[94m	16.1297	37.5302	52.5871	62.932	70.6278	[0m	17.2928	9.0
18.212475633528264 2.0
22.67056530214425 2.0
15.994140625 1.0
18.3984375 2.0
17.015625 1.0
21.978515625 2.0
19.0625 1.0
16.11328125 1.0
15.873046875 1.0
15.98046875 1.0
15.16015625 1.0
17.875 1.0
13.81640625 1.0
13.37890625 1.0
19.34765625 1.0
11.982421875 1.0
14.4609375 1.0
16.12890625 1.0
7	512	0.001	0.0074	0.2192	0.0935	[94m	16.0469	37.4439	52.525	62.7803	70.7037	[0m	17.3582	10.0
17.97270955165692 2.0
22.191033138401558 2.0
16.1171875 1.0
18.2109375 2.0
16.95703125 1.0
21.80859375 2.0
18.92578125 1.0
16.1796875 1.0
15.70703125 1.0
15.9921875 1.0
15.1796875 1.0
17.666015625 1.0
13.666015625 1.0
13.435546875 1.0
19.16015625 1.0
11.818359375 1.0
14.416015625 1.0
15.615234375 1.0
8	512	0.001	0.0069	0.2189	0.0961	[94m	15.902	37.2232	52.4457	62.7423	70.5105	[0m	17.4407	10.0
18.042884990253413 1.0
22.062378167641327 2.0
15.912109375 1.0
18.541015625 1.0
16.654296875 1.0
21.70703125 2.0
18.740234375 1.0
16.109375 1.0
15.591796875 1.0
15.7578125 1.0
15.28515625 1.0
17.529296875 1.0
13.615234375 1.0
13.33984375 1.0
19.046875 1.0
11.84765625 1.0
14.298828125 1.0
15.4140625 1.0
9	512	0.001	0.0066	0.2186	0.0992	[94m	15.7951	37.0611	52.3629	62.6802	70.4829	[0m	17.5304	10.0
